<?xml version="1.0" encoding="UTF-8"?>
<!-- Generated by org.testng.reporters.JUnitXMLReporter -->
<testsuite hostname="ASDA1713PO02529" ignored="0" name="Default test" tests="5" failures="0" timestamp="20 Feb 2019 09:00:31 GMT" time="1.585" errors="0">
  <testcase name="testAddComment" time="1.409" classname="com.qainfotech.TestUserServices"/>
  <testcase name="testShowAllComments" time="0.052" classname="com.qainfotech.TestUserServices"/>
  <testcase name="testShowUserComments" time="0.036" classname="com.qainfotech.TestUserServices"/>
  <testcase name="testUserLogin" time="0.036" classname="com.qainfotech.TestUserServices"/>
  <testcase name="testUserRegistration" time="0.019" classname="com.qainfotech.TestUserServices"/>
</testsuite> <!-- Default test -->
