<?xml version="1.0" encoding="UTF-8"?>
<testng-results skipped="0" failed="0" ignored="0" total="5" passed="5">
  <reporter-output>
  </reporter-output>
  <suite name="Default suite" duration-ms="1585" started-at="2019-02-20T09:00:29Z" finished-at="2019-02-20T09:00:31Z">
    <groups>
    </groups>
    <test name="Default test" duration-ms="1585" started-at="2019-02-20T09:00:29Z" finished-at="2019-02-20T09:00:31Z">
      <class name="com.qainfotech.TestUserServices">
        <test-method status="PASS" signature="testAddComment()[pri:0, instance:com.qainfotech.TestUserServices@5e3a8624]" name="testAddComment" duration-ms="1409" started-at="2019-02-20T09:00:29Z" finished-at="2019-02-20T09:00:30Z">
          <reporter-output>
          </reporter-output>
        </test-method> <!-- testAddComment -->
        <test-method status="PASS" signature="testShowAllComments()[pri:0, instance:com.qainfotech.TestUserServices@5e3a8624]" name="testShowAllComments" duration-ms="52" started-at="2019-02-20T09:00:30Z" finished-at="2019-02-20T09:00:31Z">
          <reporter-output>
          </reporter-output>
        </test-method> <!-- testShowAllComments -->
        <test-method status="PASS" signature="testShowUserComments()[pri:0, instance:com.qainfotech.TestUserServices@5e3a8624]" name="testShowUserComments" duration-ms="36" started-at="2019-02-20T09:00:31Z" finished-at="2019-02-20T09:00:31Z">
          <reporter-output>
          </reporter-output>
        </test-method> <!-- testShowUserComments -->
        <test-method status="PASS" signature="testUserLogin()[pri:0, instance:com.qainfotech.TestUserServices@5e3a8624]" name="testUserLogin" duration-ms="36" started-at="2019-02-20T09:00:31Z" finished-at="2019-02-20T09:00:31Z">
          <reporter-output>
          </reporter-output>
        </test-method> <!-- testUserLogin -->
        <test-method status="PASS" signature="testUserRegistration()[pri:0, instance:com.qainfotech.TestUserServices@5e3a8624]" name="testUserRegistration" duration-ms="19" started-at="2019-02-20T09:00:31Z" finished-at="2019-02-20T09:00:31Z">
          <reporter-output>
          </reporter-output>
        </test-method> <!-- testUserRegistration -->
      </class> <!-- com.qainfotech.TestUserServices -->
    </test> <!-- Default test -->
  </suite> <!-- Default suite -->
</testng-results>
